c:\users\sports\desktop\opengl framework\framework\framework\release\vc142.pdb
c:\users\sports\desktop\opengl framework\framework\framework\release\triangle.obj
c:\users\sports\desktop\opengl framework\framework\framework\release\texturemanager.obj
c:\users\sports\desktop\opengl framework\framework\framework\release\source.obj
c:\users\sports\desktop\opengl framework\framework\framework\release\shaderprogram.obj
c:\users\sports\desktop\opengl framework\framework\framework\release\playercontrol.obj
c:\users\sports\desktop\opengl framework\framework\framework\release\plane.obj
c:\users\sports\desktop\opengl framework\framework\framework\release\lightcube.obj
c:\users\sports\desktop\opengl framework\framework\framework\release\inputmanager.obj
c:\users\sports\desktop\opengl framework\framework\framework\release\gameobject.obj
c:\users\sports\desktop\opengl framework\framework\framework\release\game.obj
c:\users\sports\desktop\opengl framework\framework\framework\release\cubeobject.obj
c:\users\sports\desktop\opengl framework\framework\framework\release\camera.obj
c:\users\sports\desktop\opengl framework\framework\framework\release\glad.obj
c:\users\sports\desktop\opengl framework\framework\bin\win32\release\framework.ipdb
c:\users\sports\desktop\opengl framework\framework\bin\win32\release\framework.iobj
c:\users\sports\desktop\opengl framework\framework\bin\win32\release\framework.exe
c:\users\sports\desktop\opengl framework\framework\bin\win32\release\framework.pdb
c:\users\sports\desktop\opengl framework\framework\framework\release\framework.tlog\cl.command.1.tlog
c:\users\sports\desktop\opengl framework\framework\framework\release\framework.tlog\cl.read.1.tlog
c:\users\sports\desktop\opengl framework\framework\framework\release\framework.tlog\cl.write.1.tlog
c:\users\sports\desktop\opengl framework\framework\framework\release\framework.tlog\framework.write.1u.tlog
c:\users\sports\desktop\opengl framework\framework\framework\release\framework.tlog\link.command.1.tlog
c:\users\sports\desktop\opengl framework\framework\framework\release\framework.tlog\link.read.1.tlog
c:\users\sports\desktop\opengl framework\framework\framework\release\framework.tlog\link.write.1.tlog
